<?xml version="1.0" encoding="UTF-8"?>
<!-- Generated by org.testng.reporters.JUnitReportReporter -->
<testsuite skipped="0" hostname="LAPTOP-N82K1P1R" name="com.enrollment.testcase.VerifyRenewalLogin" tests="1" failures="0" timestamp="2021-04-10T00:11:41 IST" time="20.603" errors="0">
  <testcase name="checkValidUser" time="20.603" classname="com.enrollment.testcase.VerifyRenewalLogin"/>
  <system-out/>
</testsuite> <!-- com.enrollment.testcase.VerifyRenewalLogin -->
